[debug] [2018-08-09T14:51:31.645Z] ----------------------------------------------------------------------
[debug] [2018-08-09T14:51:31.647Z] Command:       /usr/local/bin/node /usr/local/bin/firebase serve
[debug] [2018-08-09T14:51:31.648Z] CLI Version:   4.0.2
[debug] [2018-08-09T14:51:31.648Z] Platform:      darwin
[debug] [2018-08-09T14:51:31.648Z] Node Version:  v8.11.3
[debug] [2018-08-09T14:51:31.648Z] Time:          Thu Aug 09 2018 23:51:31 GMT+0900 (KST)
[debug] [2018-08-09T14:51:31.648Z] ----------------------------------------------------------------------
[debug] 
[debug] [2018-08-09T14:51:31.660Z] > command requires scopes: ["email","openid","https://www.googleapis.com/auth/cloudplatformprojects.readonly","https://www.googleapis.com/auth/firebase","https://www.googleapis.com/auth/cloud-platform"]
[debug] [2018-08-09T14:51:31.660Z] > authorizing via signed-in user
[debug] [2018-08-09T14:51:31.662Z] > refreshing access token with scopes: ["email","https://www.googleapis.com/auth/cloud-platform","https://www.googleapis.com/auth/cloudplatformprojects.readonly","https://www.googleapis.com/auth/firebase","openid"]
[debug] [2018-08-09T14:51:31.662Z] >>> HTTP REQUEST POST https://www.googleapis.com/oauth2/v3/token  
 { refresh_token: '1/6CkFCCLftaND9PiNtz5Dw0OlApLBfydOM2E5ofF9C9c',
  client_id: '563584335869-fgrhgmd47bqnekij5i8b5pr03ho849e6.apps.googleusercontent.com',
  client_secret: 'j9iVZfS8kkCEFUPaAeJV0sAi',
  grant_type: 'refresh_token',
  scope: 'email https://www.googleapis.com/auth/cloud-platform https://www.googleapis.com/auth/cloudplatformprojects.readonly https://www.googleapis.com/auth/firebase openid' } 
 Thu Aug 09 2018 23:51:31 GMT+0900 (KST)
[debug] [2018-08-09T14:51:31.948Z] <<< HTTP RESPONSE 200
[debug] [2018-08-09T14:51:31.972Z] >>> HTTP REQUEST GET https://admin.firebase.com/v1/projects/login-demo-e8e7b  
  
 Thu Aug 09 2018 23:51:31 GMT+0900 (KST)
[debug] [2018-08-09T14:51:32.825Z] <<< HTTP RESPONSE 200
[debug] [2018-08-09T14:51:32.825Z] >>> HTTP REQUEST GET https://admin.firebase.com/v1/database/login-demo-e8e7b/tokens  
  
 Thu Aug 09 2018 23:51:32 GMT+0900 (KST)
[debug] [2018-08-09T14:51:33.690Z] <<< HTTP RESPONSE 200
[debug] [2018-08-09T14:51:33.691Z] >>> HTTP REQUEST GET https://cloudresourcemanager.googleapis.com/v1/projects/login-demo-e8e7b  
  
 Thu Aug 09 2018 23:51:33 GMT+0900 (KST)
[debug] [2018-08-09T14:51:34.712Z] <<< HTTP RESPONSE 200
[info] 
[info] === Serving from '/Users/jaeyoonyoon/git/PWAir/login-demo'...
[info] 
[debug] [2018-08-09T14:51:34.714Z] >>> HTTP REQUEST GET https://mobilesdk-pa.googleapis.com/v1/projects/1023838601181/clients/_:getWebAppConfig  
  
 Thu Aug 09 2018 23:51:34 GMT+0900 (KST)
[debug] [2018-08-09T14:51:35.742Z] <<< HTTP RESPONSE 200
[info] i  hosting: Serving hosting files from: /
[info] ✔  hosting: Local server: http://localhost:5000

